Using pre-set license
Built from '2020.3/china_unity/release' branch; Version is '2020.3.0f1c1 (1e553bf703d9) revision 1987899'; Using compiler version '192528614'; Build Type 'Release'
OS: 'Windows 10 Home China; OS build 19042.1237; Version 2009; 64bit' Language: 'zh' Physical Memory: 14198 MB
BatchMode: 1, IsHumanControllingUs: 0, StartBugReporterOnCrash: 0, Is64bit: 1, IsPro: 0

 COMMAND LINE ARGUMENTS:
C:\Program Files\Unity\Hub\Editor\2020.3.0f1c1\Editor\Unity.exe
-adb2
-batchMode
-noUpm
-name
AssetImportWorker0
-projectPath
D:/Project/9.19ProgramLesson/unity/PORTALS2D
-logFile
Logs/AssetImportWorker0.log
-srvPort
9514
Successfully changed project path to: D:/Project/9.19ProgramLesson/unity/PORTALS2D
D:/Project/9.19ProgramLesson/unity/PORTALS2D
Using Asset Import Pipeline V2.
Refreshing native plugins compatible for Editor in 71.73 ms, found 1 plugins.
Preloading 0 native plugins for Editor in 0.00 ms.
Initialize engine version: 2020.3.0f1c1 (1e553bf703d9)
[Subsystems] Discovering subsystems at path C:/Program Files/Unity/Hub/Editor/2020.3.0f1c1/Editor/Data/Resources/UnitySubsystems
[Subsystems] Discovering subsystems at path D:/Project/9.19ProgramLesson/unity/PORTALS2D/Assets
GfxDevice: creating device client; threaded=0
Direct3D:
    Version:  Direct3D 11.0 [level 11.1]
    Renderer: AMD Radeon(TM) Graphics (ID=0x1638)
    Vendor:   
    VRAM:     7099 MB
    Driver:   27.20.14028.14001
Shader 'Universal Render Pipeline/Particles/Lit': fallback shader 'Universal Render Pipeline/Particles/SimpleLit' not found
Initialize mono
Mono path[0] = 'C:/Program Files/Unity/Hub/Editor/2020.3.0f1c1/Editor/Data/Managed'
Mono path[1] = 'C:/Program Files/Unity/Hub/Editor/2020.3.0f1c1/Editor/Data/MonoBleedingEdge/lib/mono/unityjit'
Mono config path = 'C:/Program Files/Unity/Hub/Editor/2020.3.0f1c1/Editor/Data/MonoBleedingEdge/etc'
Using monoOptions --debugger-agent=transport=dt_socket,embedding=1,server=y,suspend=n,address=127.0.0.1:56364
Begin MonoManager ReloadAssembly
Registering precompiled unity dll's ...
Register platform support module: C:/Program Files/Unity/Hub/Editor/2020.3.0f1c1/Editor/Data/PlaybackEngines/WindowsStandaloneSupport/UnityEditor.WindowsStandalone.Extensions.dll
Registered in 0.006217 seconds.
Native extension for WindowsStandalone target not found
Refreshing native plugins compatible for Editor in 70.67 ms, found 1 plugins.
Preloading 0 native plugins for Editor in 0.00 ms.
Invoked RoslynAnalysisRunner static constructor.
RoslynAnalysisRunner will not be running.
RoslynAnalysisRunner has terminated.
Mono: successfully reloaded assembly
- Completed reload, in  1.604 seconds
Platform modules already initialized, skipping
Registering precompiled user dll's ...
Registered in 0.002096 seconds.
Begin MonoManager ReloadAssembly
Native extension for WindowsStandalone target not found
Refreshing native plugins compatible for Editor in 53.48 ms, found 1 plugins.
Preloading 0 native plugins for Editor in 0.00 ms.
Invoked RoslynAnalysisRunner static constructor.
RoslynAnalysisRunner will not be running.
RoslynAnalysisRunner has terminated.
Mono: successfully reloaded assembly
- Completed reload, in  1.062 seconds
Platform modules already initialized, skipping
========================================================================
Worker process is ready to serve import requests
Shader 'Universal Render Pipeline/Particles/Lit': fallback shader 'Universal Render Pipeline/Particles/SimpleLit' not found
Launched and connected shader compiler UnityShaderCompiler.exe after 0.07 seconds
Refreshing native plugins compatible for Editor in 0.65 ms, found 1 plugins.
Preloading 0 native plugins for Editor in 0.00 ms.
Unloading 3138 Unused Serialized files (Serialized files now loaded: 0)
System memory in use before: 135.2 MB.
System memory in use after: 135.4 MB.

Unloading 21 unused Assets to reduce memory usage. Loaded Objects now: 3588.
Total: 2.950600 ms (FindLiveObjects: 0.438400 ms CreateObjectMapping: 0.208700 ms MarkObjects: 2.238500 ms  DeleteObjects: 0.064000 ms)

========================================================================
Received Import Request.
  path: Assets/Scenes/MainWorld/Main Camera Profile.asset
  artifactKey: Guid(1096c8a66c49e4b4c8cbe7729ba792c0) Importer(815301076,1909f56bfc062723c751e8b465ee728b)
Start importing Assets/Scenes/MainWorld/Main Camera Profile.asset using Guid(1096c8a66c49e4b4c8cbe7729ba792c0) Importer(815301076,1909f56bfc062723c751e8b465ee728b)  -> (artifact id: '8f07b5b297475203c947e5e5001b45e4') in 0.038005 seconds
  Import took 0.043658 seconds .

========================================================================
Received Import Request.
  Time since last request: 147.065504 seconds.
  path: Assets/Scenes/MainWorld/Main Camera Profile.asset
  artifactKey: Guid(1096c8a66c49e4b4c8cbe7729ba792c0) Importer(815301076,1909f56bfc062723c751e8b465ee728b)
Start importing Assets/Scenes/MainWorld/Main Camera Profile.asset using Guid(1096c8a66c49e4b4c8cbe7729ba792c0) Importer(815301076,1909f56bfc062723c751e8b465ee728b)  -> (artifact id: 'c0588a24c26cb0dc3222ae476910097e') in 0.005186 seconds
  Import took 0.016459 seconds .

========================================================================
Received Import Request.
  Time since last request: 17.081163 seconds.
  path: Assets/Scenes/MainWorld/Main Camera Profile.asset
  artifactKey: Guid(1096c8a66c49e4b4c8cbe7729ba792c0) Importer(815301076,1909f56bfc062723c751e8b465ee728b)
Start importing Assets/Scenes/MainWorld/Main Camera Profile.asset using Guid(1096c8a66c49e4b4c8cbe7729ba792c0) Importer(815301076,1909f56bfc062723c751e8b465ee728b)  -> (artifact id: 'a774cb7b80fa617878589846765485b2') in 0.005558 seconds
  Import took 0.015164 seconds .

========================================================================
Received Prepare
Registering precompiled user dll's ...
Registered in 0.003193 seconds.
Begin MonoManager ReloadAssembly
Native extension for WindowsStandalone target not found
Refreshing native plugins compatible for Editor in 0.69 ms, found 1 plugins.
Preloading 0 native plugins for Editor in 0.00 ms.
Invoked RoslynAnalysisRunner static constructor.
RoslynAnalysisRunner will not be running.
RoslynAnalysisRunner has terminated.
Mono: successfully reloaded assembly
- Completed reload, in  1.304 seconds
Platform modules already initialized, skipping
Shader 'Universal Render Pipeline/Particles/Lit': fallback shader 'Universal Render Pipeline/Particles/SimpleLit' not found
Refreshing native plugins compatible for Editor in 0.68 ms, found 1 plugins.
Preloading 0 native plugins for Editor in 0.00 ms.
Unloading 3021 Unused Serialized files (Serialized files now loaded: 0)
System memory in use before: 128.8 MB.
System memory in use after: 129.1 MB.

Unloading 9 unused Assets to reduce memory usage. Loaded Objects now: 3592.
Total: 3.564900 ms (FindLiveObjects: 0.614500 ms CreateObjectMapping: 0.203700 ms MarkObjects: 2.719400 ms  DeleteObjects: 0.025300 ms)

========================================================================
Received Prepare
Registering precompiled user dll's ...
Registered in 0.003069 seconds.
Begin MonoManager ReloadAssembly
Native extension for WindowsStandalone target not found
Refreshing native plugins compatible for Editor in 0.78 ms, found 1 plugins.
Preloading 0 native plugins for Editor in 0.00 ms.
Invoked RoslynAnalysisRunner static constructor.
RoslynAnalysisRunner will not be running.
RoslynAnalysisRunner has terminated.
Mono: successfully reloaded assembly
- Completed reload, in  1.128 seconds
Platform modules already initialized, skipping
Shader 'Universal Render Pipeline/Particles/Lit': fallback shader 'Universal Render Pipeline/Particles/SimpleLit' not found
Refreshing native plugins compatible for Editor in 0.62 ms, found 1 plugins.
Preloading 0 native plugins for Editor in 0.00 ms.
Unloading 3021 Unused Serialized files (Serialized files now loaded: 0)
System memory in use before: 128.9 MB.
System memory in use after: 129.1 MB.

Unloading 9 unused Assets to reduce memory usage. Loaded Objects now: 3596.
Total: 3.476900 ms (FindLiveObjects: 0.504700 ms CreateObjectMapping: 0.203400 ms MarkObjects: 2.745100 ms  DeleteObjects: 0.022100 ms)

========================================================================
Received Import Request.
  Time since last request: 1753.216126 seconds.
  path: Assets/Resources/Prefab/trap_gun.prefab
  artifactKey: Guid(a6088fcf0bcd22f4c82c48ad2c429b36) Importer(815301076,1909f56bfc062723c751e8b465ee728b)
Start importing Assets/Resources/Prefab/trap_gun.prefab using Guid(a6088fcf0bcd22f4c82c48ad2c429b36) Importer(815301076,1909f56bfc062723c751e8b465ee728b)  -> (artifact id: '465ccab5321aec577560fd56aeef3722') in 0.295462 seconds
  Import took 0.305337 seconds .

========================================================================
Received Import Request.
  Time since last request: 34.263281 seconds.
  path: Assets/Resources/Prefab/trap_gun.prefab
  artifactKey: Guid(a6088fcf0bcd22f4c82c48ad2c429b36) Importer(815301076,1909f56bfc062723c751e8b465ee728b)
Start importing Assets/Resources/Prefab/trap_gun.prefab using Guid(a6088fcf0bcd22f4c82c48ad2c429b36) Importer(815301076,1909f56bfc062723c751e8b465ee728b)  -> (artifact id: '8bb0599cae1a5c3a53d6708f6baa988d') in 0.016922 seconds
  Import took 0.025042 seconds .

========================================================================
Received Import Request.
  Time since last request: 0.085254 seconds.
  path: Assets/Resources/Prefab/trap_gun.prefab
  artifactKey: Guid(a6088fcf0bcd22f4c82c48ad2c429b36) Importer(815301076,1909f56bfc062723c751e8b465ee728b)
Start importing Assets/Resources/Prefab/trap_gun.prefab using Guid(a6088fcf0bcd22f4c82c48ad2c429b36) Importer(815301076,1909f56bfc062723c751e8b465ee728b)  -> (artifact id: '8bb0599cae1a5c3a53d6708f6baa988d') in 0.014195 seconds
  Import took 0.022412 seconds .

========================================================================
Received Prepare
Registering precompiled user dll's ...
Registered in 0.003046 seconds.
Begin MonoManager ReloadAssembly
Native extension for WindowsStandalone target not found
Refreshing native plugins compatible for Editor in 0.66 ms, found 1 plugins.
Preloading 0 native plugins for Editor in 0.00 ms.
Invoked RoslynAnalysisRunner static constructor.
RoslynAnalysisRunner will not be running.
RoslynAnalysisRunner has terminated.
Mono: successfully reloaded assembly
- Completed reload, in  1.435 seconds
Platform modules already initialized, skipping
Shader 'Universal Render Pipeline/Particles/Lit': fallback shader 'Universal Render Pipeline/Particles/SimpleLit' not found
Refreshing native plugins compatible for Editor in 0.89 ms, found 1 plugins.
Preloading 0 native plugins for Editor in 0.00 ms.
Unloading 3021 Unused Serialized files (Serialized files now loaded: 0)
System memory in use before: 134.1 MB.
System memory in use after: 134.3 MB.

Unloading 9 unused Assets to reduce memory usage. Loaded Objects now: 3645.
Total: 3.797200 ms (FindLiveObjects: 0.507500 ms CreateObjectMapping: 0.157700 ms MarkObjects: 3.105700 ms  DeleteObjects: 0.024700 ms)

========================================================================
Received Prepare
Registering precompiled user dll's ...
Registered in 0.002457 seconds.
Begin MonoManager ReloadAssembly
Native extension for WindowsStandalone target not found
Refreshing native plugins compatible for Editor in 0.66 ms, found 1 plugins.
Preloading 0 native plugins for Editor in 0.00 ms.
Invoked RoslynAnalysisRunner static constructor.
RoslynAnalysisRunner will not be running.
RoslynAnalysisRunner has terminated.
Mono: successfully reloaded assembly
- Completed reload, in  1.245 seconds
Platform modules already initialized, skipping
Shader 'Universal Render Pipeline/Particles/Lit': fallback shader 'Universal Render Pipeline/Particles/SimpleLit' not found
Refreshing native plugins compatible for Editor in 0.64 ms, found 1 plugins.
Preloading 0 native plugins for Editor in 0.00 ms.
Unloading 3021 Unused Serialized files (Serialized files now loaded: 0)
System memory in use before: 134.1 MB.
System memory in use after: 134.3 MB.

Unloading 9 unused Assets to reduce memory usage. Loaded Objects now: 3649.
Total: 2.662400 ms (FindLiveObjects: 0.355100 ms CreateObjectMapping: 0.096300 ms MarkObjects: 2.188100 ms  DeleteObjects: 0.021900 ms)

========================================================================
Received Prepare
Registering precompiled user dll's ...
Registered in 0.002871 seconds.
Begin MonoManager ReloadAssembly
Native extension for WindowsStandalone target not found
Refreshing native plugins compatible for Editor in 0.72 ms, found 1 plugins.
Preloading 0 native plugins for Editor in 0.00 ms.
Invoked RoslynAnalysisRunner static constructor.
RoslynAnalysisRunner will not be running.
RoslynAnalysisRunner has terminated.
Mono: successfully reloaded assembly
- Completed reload, in  1.473 seconds
Platform modules already initialized, skipping
Shader 'Universal Render Pipeline/Particles/Lit': fallback shader 'Universal Render Pipeline/Particles/SimpleLit' not found
Refreshing native plugins compatible for Editor in 0.77 ms, found 1 plugins.
Preloading 0 native plugins for Editor in 0.00 ms.
Unloading 3021 Unused Serialized files (Serialized files now loaded: 0)
System memory in use before: 134.1 MB.
System memory in use after: 134.4 MB.

Unloading 9 unused Assets to reduce memory usage. Loaded Objects now: 3653.
Total: 3.511200 ms (FindLiveObjects: 0.405400 ms CreateObjectMapping: 0.190400 ms MarkObjects: 2.891400 ms  DeleteObjects: 0.022800 ms)

========================================================================
Received Import Request.
  Time since last request: 142.023403 seconds.
  path: Assets/New 2D Renderer Data.asset
  artifactKey: Guid(5ba4af494fb0b4644aac406c88f87acf) Importer(815301076,1909f56bfc062723c751e8b465ee728b)
Start importing Assets/New 2D Renderer Data.asset using Guid(5ba4af494fb0b4644aac406c88f87acf) Importer(815301076,1909f56bfc062723c751e8b465ee728b)  -> (artifact id: '6dd69f64ce2d658fc752deb3abd2e23a') in 0.033790 seconds
  Import took 0.043516 seconds .

========================================================================
Received Prepare
Registering precompiled user dll's ...
Registered in 0.002492 seconds.
Begin MonoManager ReloadAssembly
Native extension for WindowsStandalone target not found
Refreshing native plugins compatible for Editor in 0.71 ms, found 1 plugins.
Preloading 0 native plugins for Editor in 0.00 ms.
Invoked RoslynAnalysisRunner static constructor.
RoslynAnalysisRunner will not be running.
RoslynAnalysisRunner has terminated.
Mono: successfully reloaded assembly
- Completed reload, in  1.357 seconds
Platform modules already initialized, skipping
Shader 'Universal Render Pipeline/Particles/Lit': fallback shader 'Universal Render Pipeline/Particles/SimpleLit' not found
Refreshing native plugins compatible for Editor in 0.73 ms, found 1 plugins.
Preloading 0 native plugins for Editor in 0.00 ms.
Unloading 3021 Unused Serialized files (Serialized files now loaded: 0)
System memory in use before: 134.1 MB.
System memory in use after: 134.4 MB.

Unloading 9 unused Assets to reduce memory usage. Loaded Objects now: 3657.
Total: 3.665900 ms (FindLiveObjects: 0.471500 ms CreateObjectMapping: 0.194600 ms MarkObjects: 2.972400 ms  DeleteObjects: 0.025800 ms)

========================================================================
Received Import Request.
  Time since last request: 20.392277 seconds.
  path: Assets/Resources/URP
  artifactKey: Guid(2c779538e4f5e1f43b1b5aa818a8ddc9) Importer(815301076,1909f56bfc062723c751e8b465ee728b)
Start importing Assets/Resources/URP using Guid(2c779538e4f5e1f43b1b5aa818a8ddc9) Importer(815301076,1909f56bfc062723c751e8b465ee728b)  -> (artifact id: '128844f1392bdd9a30f76188b1afdf76') in 0.007899 seconds
  Import took 0.014447 seconds .

========================================================================
Received Import Request.
  Time since last request: 9.440568 seconds.
  path: Assets/guntest.cs
  artifactKey: Guid(2f56328511329de4995127ed46defc96) Importer(815301076,1909f56bfc062723c751e8b465ee728b)
Start importing Assets/guntest.cs using Guid(2f56328511329de4995127ed46defc96) Importer(815301076,1909f56bfc062723c751e8b465ee728b)  -> (artifact id: 'f46f8d2145b02342fa407ee0cc005b40') in 0.038766 seconds
  Import took 0.047582 seconds .

========================================================================
Received Import Request.
  Time since last request: 0.888771 seconds.
  path: Assets/Trap_gun.cs
  artifactKey: Guid(c3dcd53c127664f4a9861a5e6638f1fe) Importer(815301076,1909f56bfc062723c751e8b465ee728b)
Start importing Assets/Trap_gun.cs using Guid(c3dcd53c127664f4a9861a5e6638f1fe) Importer(815301076,1909f56bfc062723c751e8b465ee728b)  -> (artifact id: 'cd10336be119f562cd941712f679f268') in 0.004418 seconds
  Import took 0.013732 seconds .

========================================================================
Received Prepare
Registering precompiled user dll's ...
Registered in 0.002966 seconds.
Begin MonoManager ReloadAssembly
Native extension for WindowsStandalone target not found
Refreshing native plugins compatible for Editor in 0.83 ms, found 1 plugins.
Preloading 0 native plugins for Editor in 0.00 ms.
Invoked RoslynAnalysisRunner static constructor.
RoslynAnalysisRunner will not be running.
RoslynAnalysisRunner has terminated.
Mono: successfully reloaded assembly
- Completed reload, in  1.308 seconds
Platform modules already initialized, skipping
Shader 'Universal Render Pipeline/Particles/Lit': fallback shader 'Universal Render Pipeline/Particles/SimpleLit' not found
Refreshing native plugins compatible for Editor in 0.72 ms, found 1 plugins.
Preloading 0 native plugins for Editor in 0.00 ms.
Unloading 3020 Unused Serialized files (Serialized files now loaded: 0)
System memory in use before: 134.1 MB.
System memory in use after: 134.4 MB.

Unloading 10 unused Assets to reduce memory usage. Loaded Objects now: 3660.
Total: 3.934800 ms (FindLiveObjects: 0.452800 ms CreateObjectMapping: 0.260500 ms MarkObjects: 3.194400 ms  DeleteObjects: 0.025500 ms)

========================================================================
Received Prepare
Registering precompiled user dll's ...
Registered in 0.002310 seconds.
Begin MonoManager ReloadAssembly
Native extension for WindowsStandalone target not found
Refreshing native plugins compatible for Editor in 0.76 ms, found 1 plugins.
Preloading 0 native plugins for Editor in 0.00 ms.
Invoked RoslynAnalysisRunner static constructor.
RoslynAnalysisRunner will not be running.
RoslynAnalysisRunner has terminated.
Mono: successfully reloaded assembly
- Completed reload, in  1.273 seconds
Platform modules already initialized, skipping
Shader 'Universal Render Pipeline/Particles/Lit': fallback shader 'Universal Render Pipeline/Particles/SimpleLit' not found
Refreshing native plugins compatible for Editor in 0.64 ms, found 1 plugins.
Preloading 0 native plugins for Editor in 0.00 ms.
Unloading 3020 Unused Serialized files (Serialized files now loaded: 0)
System memory in use before: 134.1 MB.
System memory in use after: 134.4 MB.

Unloading 9 unused Assets to reduce memory usage. Loaded Objects now: 3664.
Total: 3.717500 ms (FindLiveObjects: 0.685300 ms CreateObjectMapping: 0.228600 ms MarkObjects: 2.783300 ms  DeleteObjects: 0.018400 ms)

========================================================================
Received Import Request.
  Time since last request: 85.975820 seconds.
  path: Assets/Resources/URP/UI
  artifactKey: Guid(3ea09e96fe987174fb6962b7081b7189) Importer(815301076,1909f56bfc062723c751e8b465ee728b)
Start importing Assets/Resources/URP/UI using Guid(3ea09e96fe987174fb6962b7081b7189) Importer(815301076,1909f56bfc062723c751e8b465ee728b)  -> (artifact id: '2adefa664a99e4fbb4a828cb4685a182') in 0.012774 seconds
  Import took 0.023236 seconds .

========================================================================
Received Import Request.
  Time since last request: 50.426279 seconds.
  path: Assets/Resources/Sprites
  artifactKey: Guid(f054d6bcae2d8624190786822295389a) Importer(815301076,1909f56bfc062723c751e8b465ee728b)
Start importing Assets/Resources/Sprites using Guid(f054d6bcae2d8624190786822295389a) Importer(815301076,1909f56bfc062723c751e8b465ee728b)  -> (artifact id: '0cf0b7b357f2ea662669c02cfee64c46') in 0.004311 seconds
  Import took 0.015774 seconds .

========================================================================
Received Import Request.
  Time since last request: 2.292098 seconds.
  path: Assets/Resources/Prefab/bullet.prefab
  artifactKey: Guid(646f25210e64c38448476caec9863392) Importer(815301076,1909f56bfc062723c751e8b465ee728b)
Start importing Assets/Resources/Prefab/bullet.prefab using Guid(646f25210e64c38448476caec9863392) Importer(815301076,1909f56bfc062723c751e8b465ee728b)  -> (artifact id: '76080ae65d677bfefaa383cc25763f7e') in 0.200120 seconds
  Import took 0.208911 seconds .

========================================================================
Received Import Request.
  Time since last request: 7.696156 seconds.
  path: Packages/com.unity.searcher/Editor/Resources/FlatSkin/Font/Roboto-MediumItalic.ttf
  artifactKey: Guid(d93c1bc57fdf1ac4dad1bf04fac05464) Importer(815301076,1909f56bfc062723c751e8b465ee728b)
Start importing Packages/com.unity.searcher/Editor/Resources/FlatSkin/Font/Roboto-MediumItalic.ttf using Guid(d93c1bc57fdf1ac4dad1bf04fac05464) Importer(815301076,1909f56bfc062723c751e8b465ee728b)  -> (artifact id: 'd69252ec8f573c9a3a65e1eb624221ed') in 0.075745 seconds
  Import took 0.084764 seconds .

========================================================================
Received Import Request.
  Time since last request: 0.000407 seconds.
  path: Packages/com.unity.searcher/Editor/Resources/FlatSkin/Font/Roboto-BoldItalic.ttf
  artifactKey: Guid(dfb97a9307a577a41bcacba34b9a7e32) Importer(815301076,1909f56bfc062723c751e8b465ee728b)
Start importing Packages/com.unity.searcher/Editor/Resources/FlatSkin/Font/Roboto-BoldItalic.ttf using Guid(dfb97a9307a577a41bcacba34b9a7e32) Importer(815301076,1909f56bfc062723c751e8b465ee728b)  -> (artifact id: '6ea2d51b33a6e7d1cbcdba748965abd8') in 0.016403 seconds
  Import took 0.024418 seconds .

========================================================================
Received Import Request.
  Time since last request: 0.000382 seconds.
  path: Assets/Resources/Texture/snow.mat
  artifactKey: Guid(2f26da2e7af8c6746957befa85a9e7fb) Importer(815301076,1909f56bfc062723c751e8b465ee728b)
Start importing Assets/Resources/Texture/snow.mat using Guid(2f26da2e7af8c6746957befa85a9e7fb) Importer(815301076,1909f56bfc062723c751e8b465ee728b)  -> (artifact id: 'e82bc40bbc069a387b80bf9ead323bbf') in 0.031542 seconds
  Import took 0.040226 seconds .

========================================================================
Received Import Request.
  Time since last request: 0.000322 seconds.
  path: Packages/com.unity.searcher/Editor/Resources/FlatSkin/Font/Roboto-BlackItalic.ttf
  artifactKey: Guid(f95147a9bab9fe649b8070170fa7ebd2) Importer(815301076,1909f56bfc062723c751e8b465ee728b)
Start importing Packages/com.unity.searcher/Editor/Resources/FlatSkin/Font/Roboto-BlackItalic.ttf using Guid(f95147a9bab9fe649b8070170fa7ebd2) Importer(815301076,1909f56bfc062723c751e8b465ee728b)  -> (artifact id: '49d11a46f0234f9e1665f32a8665c710') in 0.018638 seconds
  Import took 0.028790 seconds .

========================================================================
Received Import Request.
  Time since last request: 0.000313 seconds.
  path: Packages/com.unity.render-pipelines.universal/Runtime/Materials/ParticlesUnlit.mat
  artifactKey: Guid(e823cd5b5d27c0f4b8256e7c12ee3e6d) Importer(815301076,1909f56bfc062723c751e8b465ee728b)
Start importing Packages/com.unity.render-pipelines.universal/Runtime/Materials/ParticlesUnlit.mat using Guid(e823cd5b5d27c0f4b8256e7c12ee3e6d) Importer(815301076,1909f56bfc062723c751e8b465ee728b)  -> (artifact id: '8b92635e43cc0037a1b3e82a1e7e2a89') in 0.019523 seconds
  Import took 0.029252 seconds .

========================================================================
Received Import Request.
  Time since last request: 0.000380 seconds.
  path: Packages/com.unity.render-pipelines.universal/Runtime/Materials/TerrainLit.mat
  artifactKey: Guid(594ea882c5a793440b60ff72d896021e) Importer(815301076,1909f56bfc062723c751e8b465ee728b)
Start importing Packages/com.unity.render-pipelines.universal/Runtime/Materials/TerrainLit.mat using Guid(594ea882c5a793440b60ff72d896021e) Importer(815301076,1909f56bfc062723c751e8b465ee728b)  -> (artifact id: '28c1946145ed9b7e1c5cf4a8d926a9f2') in 0.021545 seconds
  Import took 0.031697 seconds .

========================================================================
Received Import Request.
  Time since last request: 0.000405 seconds.
  path: Packages/com.unity.searcher/Editor/Resources/FlatSkin/Font/Roboto-Bold.ttf
  artifactKey: Guid(3750c318f40cab44a97d3a81beaefeb3) Importer(815301076,1909f56bfc062723c751e8b465ee728b)
Start importing Packages/com.unity.searcher/Editor/Resources/FlatSkin/Font/Roboto-Bold.ttf using Guid(3750c318f40cab44a97d3a81beaefeb3) Importer(815301076,1909f56bfc062723c751e8b465ee728b)  -> (artifact id: '498f2a38098e968e89c55d2ba42cfc87') in 0.016247 seconds
  Import took 0.025961 seconds .

========================================================================
Received Import Request.
  Time since last request: 0.000311 seconds.
  path: Packages/com.unity.render-pipelines.universal/Runtime/Materials/Sprite-Unlit-Default.mat
  artifactKey: Guid(9dfc825aed78fcd4ba02077103263b40) Importer(815301076,1909f56bfc062723c751e8b465ee728b)
Start importing Packages/com.unity.render-pipelines.universal/Runtime/Materials/Sprite-Unlit-Default.mat using Guid(9dfc825aed78fcd4ba02077103263b40) Importer(815301076,1909f56bfc062723c751e8b465ee728b)  -> (artifact id: '9770d982f56bd6ee92cb8e76fc116c2a') in 0.020078 seconds
  Import took 0.030586 seconds .

========================================================================
Received Import Request.
  Time since last request: 0.000501 seconds.
  path: Packages/com.unity.searcher/Editor/Resources/FlatSkin/Font/Roboto-Italic.ttf
  artifactKey: Guid(c839255fc8f6b4b4d90bf8c1af9f9bd1) Importer(815301076,1909f56bfc062723c751e8b465ee728b)
Start importing Packages/com.unity.searcher/Editor/Resources/FlatSkin/Font/Roboto-Italic.ttf using Guid(c839255fc8f6b4b4d90bf8c1af9f9bd1) Importer(815301076,1909f56bfc062723c751e8b465ee728b)  -> (artifact id: '17a4f838aa70195f1a0142cc1e148835') in 0.017448 seconds
  Import took 0.028352 seconds .

========================================================================
Received Import Request.
  Time since last request: 0.000358 seconds.
  path: Packages/com.unity.render-pipelines.universal/Runtime/Materials/SimpleLit.mat
  artifactKey: Guid(6a1143ee683302f4aa628c052723efc1) Importer(815301076,1909f56bfc062723c751e8b465ee728b)
Start importing Packages/com.unity.render-pipelines.universal/Runtime/Materials/SimpleLit.mat using Guid(6a1143ee683302f4aa628c052723efc1) Importer(815301076,1909f56bfc062723c751e8b465ee728b)  -> (artifact id: '699d521c154ab2a63505eaa3595ffeb5') in 0.089713 seconds
  Import took 0.099858 seconds .

========================================================================
Received Import Request.
  Time since last request: 0.000299 seconds.
  path: Packages/com.unity.searcher/Editor/Resources/FlatSkin/Font/Roboto-Black.ttf
  artifactKey: Guid(1062c701058745940ae5dca6219c64c8) Importer(815301076,1909f56bfc062723c751e8b465ee728b)
Start importing Packages/com.unity.searcher/Editor/Resources/FlatSkin/Font/Roboto-Black.ttf using Guid(1062c701058745940ae5dca6219c64c8) Importer(815301076,1909f56bfc062723c751e8b465ee728b)  -> (artifact id: 'bbacb7f48c772fe15b585bee406b5b25') in 0.017081 seconds
  Import took 0.025138 seconds .

========================================================================
Received Import Request.
  Time since last request: 0.000316 seconds.
  path: Packages/com.unity.render-pipelines.universal/Runtime/Materials/Sprite-Lit-Default.mat
  artifactKey: Guid(a97c105638bdf8b4a8650670310a4cd3) Importer(815301076,1909f56bfc062723c751e8b465ee728b)
Start importing Packages/com.unity.render-pipelines.universal/Runtime/Materials/Sprite-Lit-Default.mat using Guid(a97c105638bdf8b4a8650670310a4cd3) Importer(815301076,1909f56bfc062723c751e8b465ee728b)  -> (artifact id: '72dc3a82ab787b74a6aafc3e9697a25f') in 0.015314 seconds
  Import took 0.024963 seconds .

========================================================================
Received Import Request.
  Time since last request: 0.000310 seconds.
  path: Packages/com.unity.render-pipelines.universal/Runtime/Materials/Lit.mat
  artifactKey: Guid(31321ba15b8f8eb4c954353edc038b1d) Importer(815301076,1909f56bfc062723c751e8b465ee728b)
Start importing Packages/com.unity.render-pipelines.universal/Runtime/Materials/Lit.mat using Guid(31321ba15b8f8eb4c954353edc038b1d) Importer(815301076,1909f56bfc062723c751e8b465ee728b)  -> (artifact id: 'd98d5df342b61a670c9e9130d2ba43a6') in 0.017532 seconds
  Import took 0.027918 seconds .

========================================================================
Received Import Request.
  Time since last request: 0.000424 seconds.
  path: Packages/com.unity.searcher/Editor/Resources/FlatSkin/Font/Roboto-Medium.ttf
  artifactKey: Guid(a51a3aebb43ac044989270407476b208) Importer(815301076,1909f56bfc062723c751e8b465ee728b)
Start importing Packages/com.unity.searcher/Editor/Resources/FlatSkin/Font/Roboto-Medium.ttf using Guid(a51a3aebb43ac044989270407476b208) Importer(815301076,1909f56bfc062723c751e8b465ee728b)  -> (artifact id: '05e1a3d205c8f4eba7b42f6188196c4e') in 0.017618 seconds
  Import took 0.027155 seconds .

========================================================================
Received Import Request.
  Time since last request: 0.000299 seconds.
  path: Packages/com.unity.render-pipelines.core/Runtime/Debugging/Prefabs/Fonts/Perfect DOS VGA 437.ttf
  artifactKey: Guid(74a5091d8707f334b9a5c31ef71a64ba) Importer(815301076,1909f56bfc062723c751e8b465ee728b)
Start importing Packages/com.unity.render-pipelines.core/Runtime/Debugging/Prefabs/Fonts/Perfect DOS VGA 437.ttf using Guid(74a5091d8707f334b9a5c31ef71a64ba) Importer(815301076,1909f56bfc062723c751e8b465ee728b)  -> (artifact id: 'aa89daa12f39f829027e1d4558bc7f5c') in 0.015339 seconds
  Import took 0.024210 seconds .

========================================================================
Received Import Request.
  Time since last request: 0.000306 seconds.
  path: Packages/com.unity.searcher/Editor/Resources/FlatSkin/Font/Roboto-Light.ttf
  artifactKey: Guid(2a29e27936eb547458f646f71125b264) Importer(815301076,1909f56bfc062723c751e8b465ee728b)
Start importing Packages/com.unity.searcher/Editor/Resources/FlatSkin/Font/Roboto-Light.ttf using Guid(2a29e27936eb547458f646f71125b264) Importer(815301076,1909f56bfc062723c751e8b465ee728b)  -> (artifact id: '81d3ed327736c973b1606135a15ff0ba') in 0.018970 seconds
  Import took 0.027930 seconds .

========================================================================
Received Import Request.
  Time since last request: 0.000363 seconds.
  path: Packages/com.unity.searcher/Editor/Resources/FlatSkin/Font/Roboto-LightItalic.ttf
  artifactKey: Guid(5e63515167650a541b309ba3bfd4db3d) Importer(815301076,1909f56bfc062723c751e8b465ee728b)
Start importing Packages/com.unity.searcher/Editor/Resources/FlatSkin/Font/Roboto-LightItalic.ttf using Guid(5e63515167650a541b309ba3bfd4db3d) Importer(815301076,1909f56bfc062723c751e8b465ee728b)  -> (artifact id: '0e9e348c92ca13510bb01f708d046f85') in 0.015300 seconds
  Import took 0.024598 seconds .

========================================================================
Received Import Request.
  Time since last request: 5.621296 seconds.
  path: Assets/Resources/Front/Thirtysix.ttf
  artifactKey: Guid(1e4ffa9d10a6b7349945b9d40b09be58) Importer(815301076,1909f56bfc062723c751e8b465ee728b)
Start importing Assets/Resources/Front/Thirtysix.ttf using Guid(1e4ffa9d10a6b7349945b9d40b09be58) Importer(815301076,1909f56bfc062723c751e8b465ee728b)  -> (artifact id: '252adc76acec86317a228982d28aa182') in 0.016317 seconds
  Import took 0.026440 seconds .

========================================================================
Received Import Request.
  Time since last request: 0.000382 seconds.
  path: Packages/com.unity.searcher/Editor/Resources/FlatSkin/Font/Roboto-Thin.ttf
  artifactKey: Guid(19a9abb883540be48b75b951a927ae03) Importer(815301076,1909f56bfc062723c751e8b465ee728b)
Start importing Packages/com.unity.searcher/Editor/Resources/FlatSkin/Font/Roboto-Thin.ttf using Guid(19a9abb883540be48b75b951a927ae03) Importer(815301076,1909f56bfc062723c751e8b465ee728b)  -> (artifact id: 'b96c99f2778fe4c060092b70004fb16c') in 0.016170 seconds
  Import took 0.023570 seconds .

========================================================================
Received Import Request.
  Time since last request: 0.000488 seconds.
  path: Packages/com.unity.searcher/Editor/Resources/FlatSkin/Font/Roboto-ThinItalic.ttf
  artifactKey: Guid(b2ea3b3f1765e544b9eb5bd1a93a91ce) Importer(815301076,1909f56bfc062723c751e8b465ee728b)
Start importing Packages/com.unity.searcher/Editor/Resources/FlatSkin/Font/Roboto-ThinItalic.ttf using Guid(b2ea3b3f1765e544b9eb5bd1a93a91ce) Importer(815301076,1909f56bfc062723c751e8b465ee728b)  -> (artifact id: 'b52bd46e32eee84edb587d6aab9edfb2') in 0.014642 seconds
  Import took 0.023972 seconds .

========================================================================
Received Import Request.
  Time since last request: 0.000308 seconds.
  path: Packages/com.unity.searcher/Editor/Resources/FlatSkin/Font/Roboto-Regular.ttf
  artifactKey: Guid(30dc370b164eefc43b95744fc796dad0) Importer(815301076,1909f56bfc062723c751e8b465ee728b)
Start importing Packages/com.unity.searcher/Editor/Resources/FlatSkin/Font/Roboto-Regular.ttf using Guid(30dc370b164eefc43b95744fc796dad0) Importer(815301076,1909f56bfc062723c751e8b465ee728b)  -> (artifact id: 'd79fea08df1849746b35347ae310e4b6') in 0.016006 seconds
  Import took 0.024235 seconds .

========================================================================
Received Import Request.
  Time since last request: 0.000490 seconds.
  path: Assets/Resources/Front/Thirtysix.ttf
  artifactKey: Guid(1e4ffa9d10a6b7349945b9d40b09be58) Importer(815301076,1909f56bfc062723c751e8b465ee728b)
Start importing Assets/Resources/Front/Thirtysix.ttf using Guid(1e4ffa9d10a6b7349945b9d40b09be58) Importer(815301076,1909f56bfc062723c751e8b465ee728b)  -> (artifact id: '252adc76acec86317a228982d28aa182') in 0.015026 seconds
  Import took 0.024427 seconds .

========================================================================
Received Prepare
Registering precompiled user dll's ...
Registered in 0.004273 seconds.
Begin MonoManager ReloadAssembly
Native extension for WindowsStandalone target not found
Refreshing native plugins compatible for Editor in 1.06 ms, found 1 plugins.
Preloading 0 native plugins for Editor in 0.00 ms.
Invoked RoslynAnalysisRunner static constructor.
RoslynAnalysisRunner will not be running.
RoslynAnalysisRunner has terminated.
Mono: successfully reloaded assembly
- Completed reload, in  1.365 seconds
Platform modules already initialized, skipping
Shader 'Universal Render Pipeline/Particles/Lit': fallback shader 'Universal Render Pipeline/Particles/SimpleLit' not found
Refreshing native plugins compatible for Editor in 0.70 ms, found 1 plugins.
Preloading 0 native plugins for Editor in 0.00 ms.
Unloading 3020 Unused Serialized files (Serialized files now loaded: 0)
System memory in use before: 134.8 MB.
System memory in use after: 135.0 MB.

Unloading 10 unused Assets to reduce memory usage. Loaded Objects now: 3741.
Total: 3.247100 ms (FindLiveObjects: 0.522000 ms CreateObjectMapping: 0.111600 ms MarkObjects: 2.568300 ms  DeleteObjects: 0.043800 ms)

AssetImportWorkerClient::OnTransportError - code=2 error=End of file
